[    0.000000] Linux version 4.15.0-88-generic (buildd@lgw01-amd64-036) (gcc version 7.4.0 (Ubuntu 7.4.0-1ubuntu1~18.04.1)) #88-Ubuntu SMP Tue Feb 11 20:11:34 UTC 2020 (Ubuntu 4.15.0-88.88-generic 4.15.18)
[    0.000000] Command line: BOOT_IMAGE=/boot/vmlinuz-4.15.0-88-generic root=LABEL=cloudimg-rootfs ro console=tty1 console=ttyS0
[    0.000000] KERNEL supported cpus:
[    0.000000]   Intel GenuineIntel
[    0.000000]   AMD AuthenticAMD
[    0.000000]   Centaur CentaurHauls
[    0.000000] x86/fpu: Supporting XSAVE feature 0x001: 'x87 floating point registers'
[    0.000000] x86/fpu: Supporting XSAVE feature 0x002: 'SSE registers'
[    0.000000] x86/fpu: Supporting XSAVE feature 0x004: 'AVX registers'
[    0.000000] x86/fpu: xstate_offset[2]:  576, xstate_sizes[2]:  256
[    0.000000] x86/fpu: Enabled xstate features 0x7, context size is 832 bytes, using 'standard' format.
[    0.000000] e820: BIOS-provided physical RAM map:
[    0.000000] BIOS-e820: [mem 0x0000000000000000-0x000000000009fbff] usable
[    0.000000] BIOS-e820: [mem 0x000000000009fc00-0x000000000009ffff] reserved
[    0.000000] BIOS-e820: [mem 0x00000000000f0000-0x00000000000fffff] reserved
[    0.000000] BIOS-e820: [mem 0x0000000000100000-0x000000003ffeffff] usable
[    0.000000] BIOS-e820: [mem 0x000000003fff0000-0x000000003fffffff] ACPI data
[    0.000000] BIOS-e820: [mem 0x00000000fec00000-0x00000000fec00fff] reserved
[    0.000000] BIOS-e820: [mem 0x00000000fee00000-0x00000000fee00fff] reserved
[    0.000000] BIOS-e820: [mem 0x00000000fffc0000-0x00000000ffffffff] reserved
[    0.000000] NX (Execute Disable) protection: active
[    0.000000] SMBIOS 2.5 present.
[    0.000000] DMI: innotek GmbH VirtualBox/VirtualBox, BIOS VirtualBox 12/01/2006
[    0.000000] Hypervisor detected: KVM
[    0.000000] e820: last_pfn = 0x3fff0 max_arch_pfn = 0x400000000
[    0.000000] MTRR: Disabled
[    0.000000] x86/PAT: MTRRs disabled, skipping PAT initialization too.
[    0.000000] CPU MTRRs all blank - virtualized system.
[    0.000000] x86/PAT: Configuration [0-7]: WB  WT  UC- UC  WB  WT  UC- UC  
[    0.000000] found SMP MP-table at [mem 0x0009fff0-0x0009ffff]
[    0.000000] Scanning 1 areas for low memory corruption
[    0.000000] RAMDISK: [mem 0x35a6d000-0x36d2dfff]
[    0.000000] ACPI: Early table checksum verification disabled
[    0.000000] ACPI: RSDP 0x00000000000E0000 000024 (v02 VBOX  )
[    0.000000] ACPI: XSDT 0x000000003FFF0030 00003C (v01 VBOX   VBOXXSDT 00000001 ASL  00000061)
[    0.000000] ACPI: FACP 0x000000003FFF00F0 0000F4 (v04 VBOX   VBOXFACP 00000001 ASL  00000061)
[    0.000000] ACPI: DSDT 0x000000003FFF0470 0021FF (v02 VBOX   VBOXBIOS 00000002 INTL 20180105)
[    0.000000] ACPI: FACS 0x000000003FFF0200 000040
[    0.000000] ACPI: FACS 0x000000003FFF0200 000040
[    0.000000] ACPI: APIC 0x000000003FFF0240 00005C (v02 VBOX   VBOXAPIC 00000001 ASL  00000061)
[    0.000000] ACPI: SSDT 0x000000003FFF02A0 0001CC (v01 VBOX   VBOXCPUT 00000002 INTL 20180105)
[    0.000000] No NUMA configuration found
[    0.000000] Faking a node at [mem 0x0000000000000000-0x000000003ffeffff]
[    0.000000] NODE_DATA(0) allocated [mem 0x3ffc5000-0x3ffeffff]
[    0.000000] kvm-clock: cpu 0, msr 0:3ff44001, primary cpu clock
[    0.000000] kvm-clock: Using msrs 4b564d01 and 4b564d00
[    0.000000] kvm-clock: using sched offset of 3922125251 cycles
[    0.000000] clocksource: kvm-clock: mask: 0xffffffffffffffff max_cycles: 0x1cd42e4dffb, max_idle_ns: 881590591483 ns
[    0.000000] Zone ranges:
[    0.000000]   DMA      [mem 0x0000000000001000-0x0000000000ffffff]
[    0.000000]   DMA32    [mem 0x0000000001000000-0x000000003ffeffff]
[    0.000000]   Normal   empty
[    0.000000]   Device   empty
[    0.000000] Movable zone start for each node
[    0.000000] Early memory node ranges
[    0.000000]   node   0: [mem 0x0000000000001000-0x000000000009efff]
[    0.000000]   node   0: [mem 0x0000000000100000-0x000000003ffeffff]
[    0.000000] Reserved but unavailable: 98 pages
[    0.000000] Initmem setup node 0 [mem 0x0000000000001000-0x000000003ffeffff]
[    0.000000] ACPI: PM-Timer IO Port: 0x4008
[    0.000000] IOAPIC[0]: apic_id 2, version 32, address 0xfec00000, GSI 0-23
[    0.000000] ACPI: INT_SRC_OVR (bus 0 bus_irq 0 global_irq 2 dfl dfl)
[    0.000000] ACPI: INT_SRC_OVR (bus 0 bus_irq 9 global_irq 9 low level)
[    0.000000] Using ACPI (MADT) for SMP configuration information
[    0.000000] smpboot: Allowing 2 CPUs, 0 hotplug CPUs
[    0.000000] PM: Registered nosave memory: [mem 0x00000000-0x00000fff]
[    0.000000] PM: Registered nosave memory: [mem 0x0009f000-0x0009ffff]
[    0.000000] PM: Registered nosave memory: [mem 0x000a0000-0x000effff]
[    0.000000] PM: Registered nosave memory: [mem 0x000f0000-0x000fffff]
[    0.000000] e820: [mem 0x40000000-0xfebfffff] available for PCI devices
[    0.000000] Booting paravirtualized kernel on KVM
[    0.000000] clocksource: refined-jiffies: mask: 0xffffffff max_cycles: 0xffffffff, max_idle_ns: 7645519600211568 ns
[    0.000000] random: get_random_bytes called from start_kernel+0x99/0x4fd with crng_init=0
[    0.000000] setup_percpu: NR_CPUS:8192 nr_cpumask_bits:2 nr_cpu_ids:2 nr_node_ids:1
[    0.000000] percpu: Embedded 45 pages/cpu s147456 r8192 d28672 u1048576
[    0.000000] PV qspinlock hash table entries: 256 (order: 0, 4096 bytes)
[    0.000000] Built 1 zonelists, mobility grouping on.  Total pages: 257913
[    0.000000] Policy zone: DMA32
[    0.000000] Kernel command line: BOOT_IMAGE=/boot/vmlinuz-4.15.0-88-generic root=LABEL=cloudimg-rootfs ro console=tty1 console=ttyS0
[    0.000000] Memory: 983068K/1048120K available (12300K kernel code, 2481K rwdata, 4264K rodata, 2428K init, 2712K bss, 65052K reserved, 0K cma-reserved
[    0.000000] SLUB: HWalign=64, Order=0-3, MinObjects=0, CPUs=2, Nodes=1
[    0.000000] Kernel/User page tables isolation: enabled
[    0.000000] ftrace: allocating 39344 entries in 154 pages
[    0.004000] Hierarchical RCU implementation.
[    0.004000] 	RCU restricting CPUs from NR_CPUS=8192 to nr_cpu_ids=2.
[    0.004000] 	Tasks RCU enabled.
[    0.004000] RCU: Adjusting geometry for rcu_fanout_leaf=16, nr_cpu_ids=2
[    0.004000] NR_IRQS: 524544, nr_irqs: 440, preallocated irqs: 16
[    0.004000] Console: colour VGA+ 80x25
[    0.004000] console [tty1] enabled
[    0.004000] console [ttyS0] enabled
[    0.004000] ACPI: Core revision 20170831
[    0.004000] ACPI: 2 ACPI AML tables successfully acquired and loaded
[    0.004000] APIC: Switch to symmetric I/O mode setup
[    0.004362] x2apic enabled
[    0.008008] Switched APIC routing to physical x2apic.
[    0.010342] ..TIMER: vector=0x30 apic1=0 pin1=2 apic2=-1 pin2=-1
[    0.012006] tsc: Detected 2591.998 MHz processor
[    0.012896] Calibrating delay loop (skipped) preset value.. 5183.99 BogoMIPS (lpj=10367992)
[    0.016008] pid_max: default: 32768 minimum: 301
[    0.016927] Security Framework initialized
[    0.017717] Yama: becoming mindful.
[    0.020027] AppArmor: AppArmor initialized
[    0.021565] Dentry cache hash table entries: 131072 (order: 8, 1048576 bytes)
[    0.022978] Inode-cache hash table entries: 65536 (order: 7, 524288 bytes)
[    0.024028] Mount-cache hash table entries: 2048 (order: 2, 16384 bytes)
[    0.025626] Mountpoint-cache hash table entries: 2048 (order: 2, 16384 bytes)
[    0.028108] Last level iTLB entries: 4KB 64, 2MB 8, 4MB 8
[    0.029096] Last level dTLB entries: 4KB 64, 2MB 0, 4MB 0, 1GB 4
[    0.030158] Spectre V1 : Mitigation: usercopy/swapgs barriers and __user pointer sanitization
[    0.032008] Spectre V2 : Mitigation: Full generic retpoline
[    0.033442] Spectre V2 : Spectre v2 / SpectreRSB mitigation: Filling RSB on context switch
[    0.036006] Speculative Store Bypass: Vulnerable
[    0.037220] MDS: Mitigation: Clear CPU buffers
[    0.040263] Freeing SMP alternatives memory: 36K
[    0.156610] smpboot: CPU0: Intel(R) Core(TM) i7-6500U CPU @ 2.50GHz (family: 0x6, model: 0x4e, stepping: 0x3)
[    0.160123] Performance Events: unsupported p6 CPU model 78 no PMU driver, software events only.
[    0.164077] Hierarchical SRCU implementation.
[    0.166160] NMI watchdog: Perf event create on CPU 0 failed with -2
[    0.168003] NMI watchdog: Perf NMI watchdog permanently disabled
[    0.169408] smp: Bringing up secondary CPUs ...
[    0.170576] x86: Booting SMP configuration:
[    0.172017] .... node  #0, CPUs:      #1
[    0.004000] kvm-clock: cpu 1, msr 0:3ff44041, secondary cpu clock
[    0.178069] smp: Brought up 1 node, 2 CPUs
[    0.178069] smpboot: Max logical packages: 1
[    0.180009] smpboot: Total of 2 processors activated (10367.99 BogoMIPS)
[    0.181685] devtmpfs: initialized
[    0.184100] x86/mm: Memory block size: 128MB
[    0.185451] evm: security.selinux
[    0.188014] evm: security.SMACK64
[    0.192002] evm: security.SMACK64EXEC
[    0.192746] evm: security.SMACK64TRANSMUTE
[    0.193569] evm: security.SMACK64MMAP
[    0.194315] evm: security.apparmor
[    0.195002] evm: security.ima
[    0.196002] evm: security.capability
[    0.200118] clocksource: jiffies: mask: 0xffffffff max_cycles: 0xffffffff, max_idle_ns: 7645041785100000 ns
[    0.204071] futex hash table entries: 512 (order: 3, 32768 bytes)
[    0.206096] pinctrl core: initialized pinctrl subsystem
[    0.208130] RTC time: 16:51:14, date: 03/09/20
[    0.209173] NET: Registered protocol family 16
[    0.210126] audit: initializing netlink subsys (disabled)
[    0.212047] audit: type=2000 audit(1583772679.821:1): state=initialized audit_enabled=0 res=1
[    0.252012] cpuidle: using governor ladder
[    0.252846] cpuidle: using governor menu
[    0.253646] ACPI: bus type PCI registered
[    0.256010] acpiphp: ACPI Hot Plug PCI Controller Driver version: 0.5
[    0.257544] PCI: Using configuration type 1 for base access
[    0.260386] HugeTLB registered 2.00 MiB page size, pre-allocated 0 pages
[    0.261269] ACPI: Added _OSI(Module Device)
[    0.264004] ACPI: Added _OSI(Processor Device)
[    0.264761] ACPI: Added _OSI(3.0 _SCP Extensions)
[    0.265642] ACPI: Added _OSI(Processor Aggregator Device)
[    0.266643] ACPI: Added _OSI(Linux-Dell-Video)
[    0.267465] ACPI: Added _OSI(Linux-Lenovo-NV-HDMI-Audio)
[    0.268009] ACPI: Added _OSI(Linux-HPI-Hybrid-Graphics)
[    0.272444] ACPI: Executed 1 blocks of module-level executable AML code
[    0.283325] ACPI: Interpreter enabled
[    0.284026] ACPI: (supports S0 S5)
[    0.284665] ACPI: Using IOAPIC for interrupt routing
[    0.288337] PCI: Using host bridge windows from ACPI; if necessary, use "pci=nocrs" and report a bug
[    0.292223] ACPI: Enabled 2 GPEs in block 00 to 07
[    0.303151] ACPI: PCI Root Bridge [PCI0] (domain 0000 [bus 00-ff])
[    0.304030] acpi PNP0A03:00: _OSC: OS supports [ASPM ClockPM Segments MSI]
[    0.305651] acpi PNP0A03:00: _OSC: not requesting OS control; OS requires [ExtendedConfig ASPM ClockPM MSI]
[    0.308019] acpi PNP0A03:00: fail to add MMCONFIG information, can't access extended PCI configuration space under this bridge.
[    0.312535] PCI host bridge to bus 0000:00
[    0.313653] pci_bus 0000:00: root bus resource [io  0x0000-0x0cf7 window]
[    0.316012] pci_bus 0000:00: root bus resource [io  0x0d00-0xffff window]
[    0.320008] pci_bus 0000:00: root bus resource [mem 0x000a0000-0x000bffff window]
[    0.321934] pci_bus 0000:00: root bus resource [mem 0x40000000-0xfdffffff window]
[    0.324012] pci_bus 0000:00: root bus resource [bus 00-ff]
[    0.330106] pci 0000:00:01.1: legacy IDE quirk: reg 0x10: [io  0x01f0-0x01f7]
[    0.332010] pci 0000:00:01.1: legacy IDE quirk: reg 0x14: [io  0x03f6]
[    0.333344] pci 0000:00:01.1: legacy IDE quirk: reg 0x18: [io  0x0170-0x0177]
[    0.334677] pci 0000:00:01.1: legacy IDE quirk: reg 0x1c: [io  0x0376]
[    0.361400] pci 0000:00:07.0: quirk: [io  0x4000-0x403f] claimed by PIIX4 ACPI
[    0.362968] pci 0000:00:07.0: quirk: [io  0x4100-0x410f] claimed by PIIX4 SMB
[    0.373092] ACPI: PCI Interrupt Link [LNKA] (IRQs 5 9 10 *11)
[    0.380401] ACPI: PCI Interrupt Link [LNKB] (IRQs 5 9 *10 11)
[    0.381996] ACPI: PCI Interrupt Link [LNKC] (IRQs 5 *9 10 11)
[    0.383575] ACPI: PCI Interrupt Link [LNKD] (IRQs 5 9 10 *11)
[    0.384844] SCSI subsystem initialized
[    0.385942] pci 0000:00:02.0: vgaarb: setting as boot VGA device
[    0.385942] pci 0000:00:02.0: vgaarb: VGA device added: decodes=io+mem,owns=io+mem,locks=none
[    0.388037] pci 0000:00:02.0: vgaarb: bridge control possible
[    0.392003] vgaarb: loaded
[    0.392624] ACPI: bus type USB registered
[    0.393449] usbcore: registered new interface driver usbfs
[    0.396012] usbcore: registered new interface driver hub
[    0.396901] usbcore: registered new device driver usb
[    0.397835] EDAC MC: Ver: 3.0.0
[    0.397835] PCI: Using ACPI for IRQ routing
[    0.400290] NetLabel: Initializing
[    0.400958] NetLabel:  domain hash size = 128
[    0.402779] NetLabel:  protocols = UNLABELED CIPSOv4 CALIPSO
[    0.404020] NetLabel:  unlabeled traffic allowed by default
[    0.404939] clocksource: Switched to clocksource kvm-clock
[    0.422849] VFS: Disk quotas dquot_6.6.0
[    0.424830] VFS: Dquot-cache hash table entries: 512 (order 0, 4096 bytes)
[    0.426158] AppArmor: AppArmor Filesystem Enabled
[    0.427057] pnp: PnP ACPI init
[    02851 pp:PnP ACPI: found 3 devices

[  05830] losorc: cp_p: mask: 0xffffff max_cyes 0xfffff, max_idle_ns: 2085701024 ns
[    0.993145] NET: Registered protocol family 2

[    0.994409] TCP established hash table entries: 8192 (order: 4, 65536 bytes)
[    0.996023] TCP bind hash table entries: 8192 (order: 5, 131072 bytes)
[   .024071] TCP: Hash tables configured (established 8192 bind 812)
[   1.10366] UDP hash table entries: 512 (order: 2, 16384 bytes)
[    1.159585] UDP-Lite hash table entries: 512 (order: 2, 16384 bytes)
[    1.161079] NET: Registered protocol family 1
[    1.162070] pci 0000:00:00.0: Limiting direct PCI/PCI transfers
[    1.163250]] pci 0000:00:01.0: Activating ISA DMA hang workarounds
[    1.165692] pci 0000:00:02.0: Video device with shadowed ROM at [mem 0x000c0000-0x000dffff]
[    1.167420] Unpacking initramfs...
[    1.481910] Freeing initrd memory: 19204K
[    1.482970] clocksource: tsc: mask: 0xffffffffffffffff max_cycles: 0x255cb518234, max_idle_ns: 440795279333 ns
[    1.534498] platform rtc_cmos: registered platform RTC device (no PNP device found)
[    1.536104] Scanning for low memory corruption every 60 seconds
[    1.542387] Initialise system trusted keyrings
[    1.543514] Key type blacklist registered
[    1.544729] workingset: timestamp_bits=36 max_order=18 bucket_order=0
[    1.550025] zbud: loaded
[    1.551634] squashfs: version 4.0 (2009/01/31) Phillip Lougher
[    1.553463] fuse init (API version 7.26)
[    1.558665] Key type asymmetric registered
[    1.559746] Asymmetric key parser 'x509' registered
[    1.561130] Block layer SCSI generic (bsg) driver version 0.4 loaded (major 246)
[    1.563143] io scheduler noop registered
[    1.564211] io scheduler deadline registered
[    1.570739] io scheduler cfq registered (default)
[    1.572411] ACPI: AC Adapter [AC] (on-line)
[    1.602416] input: Power Button as /devices/LNXSYSTM:00/LNXPWRBN:00/input/input0
[    1.609448] ACPI: Power Button [PWRF]
[    1.610364] input: Sleep Button as /devices/LNXSYSTM:00/LNXSLPBN:00/input/input1
[    1.612031] ACPI: Sleep Button [SLPF]
[    1.618859] Serial: 8250/16550 driver, 32 ports, IRQ sharing enabled
[    1.620511] ACPI: Battery Slot [BAT0] (battery present)
[    1.686851] 00:02: ttyS0 at I/O 0x3f8 (irq = 4, base_baud = 115200) is a 16550A
[    1.690648] Linux agpgart interface v0.103
[    1.692911] loop: module loaded
[    1.694272] scsi host0: ata_piix
[    1.700565] scsi host1: ata_piix
[    1.701362] ata1: PATA max UDMA/33 cmd 0x1f0 ctl 0x3f6 bmdma 0xd000 irq 14
[    1.702787] ata2: PATA max UDMA/33 cmd 0x170 ctl 0x376 bmdma 0xd008 irq 15
[    1.717300] libphy: Fixed MDIO Bus: probed
[    1.719182] tun: Universal TUN/TAP device driver, 1.6
[    1.725707] PPP generic driver version 2.4.2
[    1.726873] ehci_hcd: USB 2.0 'Enhanced' Host Controller (EHCI) Driver
[    1.728488] ehci-pci: EHCI PCI platform driver
[    1.729607] ehci-platform: EHCI generic platform driver
[    1.730860] ohci_hcd: USB 1.1 'Open' Host Controller (OHCI) Driver
[    1.732314] ohci-pci: OHCI PCI platform driver
[    1.733405] ohci-platform: OHCI generic platform driver
[    1.734668] uhci_hcd: USB Universal Host Controller Interface driver
[    1.736389] i8042: PNP: PS/2 Controller [PNP0303:PS2K,PNP0f03:PS2M] at 0x60,0x64 irq 1,12
[    1.746086] serio: i8042 KBD port at 0x60,0x64 irq 1
[    1.747231] serio: i8042 AUX port at 0x60,0x64 irq 12
[    1.748481] mousedev: PS/2 mouse device common for all mice
[    1.752549] input: AT Translated Set 2 keyboard as /devices/platform/i8042/serio0/input/input2
[    1.755113] rtc_cmos rtc_cmos: rtc core: registered rtc_cmos as rtc0
[    1.756904] rtc_cmos rtc_cmos: alarms up to one day, 114 bytes nvram
[    1.789810] i2c /dev entries driver
[    1.790541] device-mapper: uevent: version 1.0.3
[    1.791457] device-mapper: ioctl: 4.37.0-ioctl (2017-09-20) initialised: dm-devel@redhat.com
[    1.797496] ledtrig-cpu: registered to indicate activity on CPUs
[    1.799637] NET: Registered protocol family 10
[    1.805824] Segment Routing with IPv6
[    1.828603] NET: Registered protocol family 17
[    1.842357] Key type dns_resolver registered
[    1.843510] mce: Using 0 MCE banks
[    1.844332] RAS: Correctable Errors collector initialized.
[    1.846067] sched_clock: Marking stable (1844309902, 0)->(2748708334, -904398432)
[    1.849940] registered taskstats version 1
[    1.850717] Loading compiled-in X.509 certificates
[    1.855440] Loaded X.509 cert 'Build time autogenerated kernel key: f0020782f0d3a548186fb3f47aed88387a71e859'
[    1.857864] zswap: loaded using pool lzo/zbud
[    1.863417] Key type big_key registered
[    1.869774] Key type trusted registered
[    1.873594] Key type encrypted registered
[    1.874534] AppArmor: AppArmor sha1 policy hashing enabled
[    1.875596] ima: No TPM chip found, activating TPM-bypass! (rc=-19)
[    1.876842] ima: Allocated hash algorithm: sha1
[    1.884832] evm: HMAC attrs: 0x1
[    1.892959]   Magic number: 12:692:893
[    1.914713] rtc_cmos rtc_cmos: setting system clock to 2020-03-09 16:51:16 UTC (1583772676)
[    1.927580] BIOS EDD facility v0.16 2004-Jun-25, 0 devices found
[    1.929080] EDD information not available.
[    1.933368] Freeing unused kernel image memory: 2428K
[    2.192986] Write protecting the kernel read-only data: 20480k
[    2.488895] Freeing unused kernel image memory: 2008K
[    2.490424] Freeing unused kernel image memory: 1880K
[    2.498674] x86/mm: Checked W+X mappings: passed, no W+X pages found.
[    2.555644] x86/mm: Checking user space page tables
[    2.563417] x86/mm: Checked W+X mappings: passed, no W+X pages found.
Loading, please wait...
starting version 237
[    2.655396] e1000: Intel(R) PRO/1000 Network Driver - version 7.3.21-k8-NAPI
[    2.657089] e1000: Copyright (c) 1999-2006 Intel Corporation.
[    2.718420] Fusion MPT base driver 3.04.20
[    2.739681] Copyright (c) 1999-2008 LSI Corporation
[    2.773379] Fusion MPT SPI Host driver 3.04.20
[    2.777429] AVX2 version of gcm_enc/dec engaged.
[    2.778520] AES CTR mode by8 optimization enabled
[    2.969446] input: ImExPS/2 Generic Explorer Mouse as /devices/platform/i8042/serio1/input/input4
[    3.167713] e1000 0000:00:03.0 eth0: (PCI:33MHz:32-bit) 02:2a:ce:cf:0d:74
[    3.184172] e1000 0000:00:03.0 eth0: Intel(R) PRO/1000 Network Connection
[    3.194958] e1000 0000:00:03.0 enp0s3: renamed from eth0
[    3.195568] mptbase: ioc0: Initiating bringup
[    3.373173] ioc0: LSI53C1030 A0: Capabilities={Initiator}
[    4.560322] scsi host2: ioc0: LSI53C1030 A0, FwRev=00000000h, Ports=1, MaxQ=256, IRQ=20
[    5.132638] scsi 2:0:0:0: Direct-Access     VBOX     HARDDISK         1.0  PQ: 0 ANSI: 5
[    5.184297] scsi target2:0:0: Beginning Domain Validation
[    5.217983] scsi target2:0:0: Domain Validation skipping write tests
[    5.243322] scsi target2:0:0: Ending Domain Validation
[    5.244502] scsi target2:0:0: asynchronous
[    5.245901] scsi 2:0:1:0: Direct-Access     VBOX     HARDDISK         1.0  PQ: 0 ANSI: 5
[    5.276154] scsi target2:0:1: Beginning Domain Validation
[    5.294775] random: fast init done
[    5.306212] scsi target2:0:1: Domain Validation skipping write tests
[    5.307347] scsi target2:0:1: Ending Domain Validation
[    5.308397] scsi target2:0:1: asynchronous
[    5.313325] random: systemd-udevd: uninitialized urandom read (16 bytes read)
[    5.324587] random: systemd-udevd: uninitialized urandom read (16 bytes read)
[    5.324638] sd 2:0:0:0: Attached scsi generic sg0 type 0
[    5.344543] random: systemd-udevd: uninitialized urandom read (16 bytes read)
[    5.347584] sd 2:0:0:0: [sda] 20971520 512-byte logical blocks: (10.7 GB/10.0 GiB)
[    5.352170] sd 2:0:0:0: [sda] Write Protect is off
[    5.353488] sd 2:0:0:0: [sda] Incomplete mode parameter data
[    5.354749] sd 2:0:0:0: [sda] Assuming drive cache: write through
[    5.356301] sd 2:0:1:0: Attached scsi generic sg1 type 0
[    5.357561] sd 2:0:1:0: [sdb] 20480 512-byte logical blocks: (10.5 MB/10.0 MiB)
[    5.359395] sd 2:0:1:0: [sdb] Write Protect is off
[    5.363434] sd 2:0:1:0: [sdb] Incomplete mode parameter data
[    5.364557] sd 2:0:1:0: [sdb] Assuming drive cache: write through
[    5.376159]  sda: sda1
[    5.377468] sd 2:0:0:0: [sda] Attached SCSI disk
[    5.400090] sd 2:0:1:0: [sdb] Attached SCSI disk
Begin: Loading essential drivers ... [    6.982857] raid6: sse2x1   gen()  8894 MB/s
[    7.040476] raid6: sse2x1   xor()  6811 MB/s
[    7.148551] raid6: sse2x2   gen() 12303 MB/s
[    7.196951] raid6: sse2x2   xor()  8497 MB/s
[    7.244882] raid6: sse2x4   gen() 14303 MB/s
[    7.296699] raid6: sse2x4   xor()  8079 MB/s
[    7.352868] raid6: avx2x1   gen() 20132 MB/s
[    7.402796] raid6: avx2x1   xor() 14605 MB/s
[    7.472835] raid6: avx2x2   gen() 26096 MB/s
[    7.522740] raid6: avx2x2   xor() 16346 MB/s
[    7.592749] raid6: avx2x4   gen() 29389 MB/s
[    7.652790] raid6: avx2x4   xor() 17368 MB/s
[    7.693580] raid6: using algorithm avx2x4 gen() 29389 MB/s
[    7.694929] raid6: .... xor() 17368 MB/s, rmw enabled
[    7.696172] raid6: using avx2x2 recovery algorithm
[    7.698974] xor: automatically using best checksumming function   avx       
[    7.706408] async_tx: api initialized (async)
done.
Begin: Running /scripts/init-premount ... done.
Begin: Mounting root file system ... Begin: Running /scripts/local-top ... done.
Begin: Running /scripts/local-premount ... [    7.790219] Btrfs loaded, crc32c=crc32c-intel
Scanning for Btrfs filesystems
done.
Warning: fsck not present, so skipping root file system
[    7.879555] EXT4-fs (sda1): mounted filesystem with ordered data mode. Opts: (null)
done.
Begin: Running /scripts/local-bottom ... done.
Begin: Running /scripts/init-bottom ... done.
[    9.123874] ip_tables: (C) 2000-2006 Netfilter Core Team
[    9.258108] systemd[1]: systemd 237 running in system mode. (+PAM +AUDIT +SELINUX +IMA +APPARMOR +SMACK +SYSVINIT +UTMP +LIBCRYPTSETUP +GCRYPT +GNUTLS +ACL +XZ +LZ4 +SECCOMP +BLKID +ELFUTILS +KMOD -IDN2 +IDN -PCRE2 default-hierarchy=hybrid)
[    9.564182] systemd[1]: Detected virtualization oracle.
[    9.565377] systemd[1]: Detected architecture x86-64.

Welcome to [1mUbuntu 18.04.4 LTS[0m!

[    9.607339] systemd[1]: Set hostname to <ubuntu>.
[   10.168270] systemd[1]: Initializing machine ID from random generator.
[   10.174268] systemd[1]: Installed transient /etc/machine-id file.
[   10.772027] random: crng init done
[   10.842993] random: 7 urandom warning(s) missed due to ratelimiting
[   12.423281] systemd[1]: Set up automount Arbitrary Executable File Formats File System Automount Point.
[[0;32m  OK  [0m] Set up automount Arbitrary Executab…rmats File System Automount Point.
[   12.543151] systemd[1]: Created slice System Slice.
[[0;32m  OK  [0m] Created slice System Slice.
[   12.545365] systemd[1]: Listening on LVM2 poll daemon socket.
[[0;32m  OK  [0m] Listening on LVM2 poll daemon socket.
[   12.547772] systemd[1]: Listening on udev Kernel Socket.
[[0;32m  OK  [0m] Listening on udev Kernel Socket.
[[0;32m  OK  [0m] Listening on Syslog Socket.
[[0;32m  OK  [0m] Listening on Network Service Netlink Socket.
[[0;32m  OK  [0m] Listening on LVM2 metadata daemon socket.
[[0;32m  OK  [0m] Started Forward Password Requests to Wall Directory Watch.
[[0;32m  OK  [0m] Listening on Journal Socket.
         Starting Create list of required st…ce nodes for the current kernel...
         Mounting Kernel Debug File System...
         Mounting Huge Pages File System...
[[0;32m  OK  [0m] Reached target Swap.
[[0;32m  OK  [0m] Listening on Journal Socket (/dev/log).
         Starting Uncomplicated firewall...
[[0;32m  OK  [0m] Listening on Device-mapper event daemon FIFOs.
[[0;32m  OK  [0m] Created slice User and Session Slice.
[[0;32m  OK  [0m] Reached target User and Group Name Lookups.
[[0;32m  OK  [0m] Listening on /dev/initctl Compatibility Named Pipe.
[[0;32m  OK  [0m] Reached target System Time Synchronized.
[[0;32m  OK  [0m] Created slice system-serial\x2dgetty.slice.
         Starting Remount Root and Kernel File Systems...
         Starting Monitoring of LVM2 mirrors…ng dmeventd or progress polling...
[[0;32m  OK  [0m] Listening on udev Control Socket.
         Starting udev Coldplug all Devices...
[   12.731003] EXT4-fs (sda1): re-mounted. Opts: (null)
         Starting Load Kernel Modules...
[[0;32m  OK  [0m] Reached target Slices.
         Mounting POSIX Message Queue File System...
[[0;32m  OK  [0m] Listening on Journal Audit Socket.
         Starting Journal Service...
         Starting Set the console keyboard layout...
[[0;32m  OK  [0m] Started Create list of required sta…vice nodes for the current kernel.
[[0;32m  OK  [0m] Mounted Kernel Debug File System.
[[0;32m  OK  [0m] Mounted Huge Pages File System.
[[0;32m  OK  [0m] Started Uncomplicated firewall.
[[0;32m  OK  [0m] Started Remount Root and Kernel File Systems.
[[0;32m  OK  [0m] Mounted POSIX Message Queue File System.
         Starting Load/Save Random Seed...
         Starting Create Static Device Nodes in /dev...
[[0;32m  OK  [0m] Started Journal Service.
[[0;32m  OK  [0m] Started udev Coldplug all Devices.
[[0;32m  OK  [0m] Started LVM2 metadata daemon.
         Starting Flush Journal to Persistent Storage...
[   13.152256] Loading iSCSI transport class v2.0-870.
[[0;32m  OK  [0m] Started Load/Save Random Seed.
[   13.424770] systemd-journald[396]: Received request to flush runtime journal from PID 1
[   13.494345] iscsi: registered transport (tcp)
[[0;32m  OK  [0m] Started Create Static Device Nodes in /dev.
         Starting udev Kernel Device Manager...
[[0;32m  OK  [0m] Started Monitoring of LVM2 mirrors,…sing dmeventd or progress polling.
[[0;32m  OK  [0m] Started Set the console keyboard layout.
[[0;32m  OK  [0m] Reached target Local File Systems (Pre).
[[0;32m  OK  [0m] Reached target Local File Systems.
         Starting Set console font and keymap...
         Starting Commit a transient machine-id on disk...
         Starting Tell Plymouth To Write Out Runtime Data...
         Starting AppArmor initialization...
         Starting ebtables ruleset management...
[[0;32m  OK  [0m] Started Flush Journal to Persistent Storage.
         Starting Create Volatile Files and Directories...
[   13.824625] iscsi: registered transport (iser)
[[0;32m  OK  [0m] Started Load Kernel Modules.
         Mounting FUSE Control File System...
         Mounting Kernel Configuration File System...
         Starting Apply Kernel Variables...
[[0;32m  OK  [0m] Started Set console font and keymap.
[[0;32m  OK  [0m] Mounted FUSE Control File System.
[[0;32m  OK  [0m] Mounted Kernel Configuration File System.
[[0;32m  OK  [0m] Started Tell Plymouth To Write Out Runtime Data.
[[0;32m  OK  [0m] Started Commit a transient machine-id on disk.
[[0;32m  OK  [0m] Started udev Kernel Device Manager.
[[0;32m  OK  [0m] Started Dispatch Password Requests to Console Directory Watch.
[[0;32m  OK  [0m] Reached target Local Encrypted Volumes.
[[0;32m  OK  [0m] Started Create Volatile Files and Directories.
         Starting Update UTMP about System Boot/Shutdown...
[[0;32m  OK  [0m] Started Apply Kernel Variables.
[[0;32m  OK  [0m] Started Update UTMP about System Boot/Shutdown.
[[0;32m  OK  [0m] Found device /dev/ttyS0.
[[0;32m  OK  [0m] Started ebtables ruleset management.
[[0;32m  OK  [0m] Listening on Load/Save RF Kill Switch Status /dev/rfkill Watch.
[[0;32m  OK  [0m] Started AppArmor initialization.
         Starting Initial cloud-init job (pre-networking)...
[   23.183232] cloud-init[542]: Cloud-init v. 19.4-33-gbb4131a2-0ubuntu1~18.04.1 running 'init-local' at Mon, 09 Mar 2020 16:51:36 +0000. Up 21.87 seconds.
[[0;32m  OK  [0m] Started Initial cloud-init job (pre-networking).
[[0;32m  OK  [0m] Reached target Network (Pre).
         Starting Network Service...
[[0;32m  OK  [0m] Started Network Service.
         Starting Network Name Resolution...
         Starting Wait for Network to be Configured...
[[0;32m  OK  [0m] Started Network Name Resolution.
[[0;32m  OK  [0m] Reached target Network.
[[0;32m  OK  [0m] Reached target Host and Network Name Lookups.
[[0;32m  OK  [0m] Started Wait for Network to be Configured.
         Starting Initial cloud-init job (metadata service crawler)...
[   25.109787] cloud-init[665]: Cloud-init v. 19.4-33-gbb4131a2-0ubuntu1~18.04.1 running 'init' at Mon, 09 Mar 2020 16:51:39 +0000. Up 24.93 seconds.
[   25.127500] cloud-init[665]: ci-info: +++++++++++++++++++++++++++++++++++++Net device info++++++++++++++++++++++++++++++++++++++
[   25.129441] cloud-init[665]: ci-info: +--------+------+---------------------------+---------------+--------+-------------------+
[   25.165337] cloud-init[665]: ci-info: | Device |  Up  |          Address          |      Mask     | Scope  |     Hw-Address    |
[   25.178801] cloud-init[665]: ci-info: +--------+------+---------------------------+---------------+--------+-------------------+
[   25.181375] cloud-init[665]: ci-info: | enp0s3 | True |         10.0.2.15         | 255.255.255.0 | global | 02:2a:ce:cf:0d:74 |
[   25.184800] cloud-init[665]: ci-info: | enp0s3 | True | fe80::2a:ceff:fecf:d74/64 |       .       |  link  | 02:2a:ce:cf:0d:74 |
[   25.186847] cloud-init[665]: ci-info: |   lo   | True |         127.0.0.1         |   255.0.0.0   |  host  |         .         |
[   25.188949] cloud-init[665]: ci-info: |   lo   | True |          ::1/128          |       .       |  host  |         .         |
[   25.190990] cloud-init[665]: ci-info: +--------+------+---------------------------+---------------+--------+-------------------+
[   25.195127] cloud-init[665]: ci-info: ++++++++++++++++++++++++++++Route IPv4 info+++++++++++++++++++++++++++++
[   25.282263] cloud-init[665]: ci-info: +-------+-------------+----------+-----------------+-----------+-------+
[   25.296122] cloud-init[665]: ci-info: | Route | Destination | Gateway  |     Genmask     | Interface | Flags |
[   25.336397] cloud-init[665]: ci-info: +-------+-------------+----------+-----------------+-----------+-------+
[   25.375723] cloud-init[665]: ci-info: |   0   |   0.0.0.0   | 10.0.2.2 |     0.0.0.0     |   enp0s3  |   UG  |
[   25.401691] cloud-init[665]: ci-info: |   1   |   10.0.2.0  | 0.0.0.0  |  255.255.255.0  |   enp0s3  |   U   |
[   25.499413] cloud-init[665]: ci-info: |   2   |   10.0.2.2  | 0.0.0.0  | 255.255.255.255 |   enp0s3  |   UH  |
[   25.505464] cloud-init[665]: ci-info: +-------+-------------+----------+-----------------+-----------+-------+
[   25.530283] cloud-init[665]: ci-info: +++++++++++++++++++Route IPv6 info+++++++++++++++++++
[   25.534951] cloud-init[665]: ci-info: +-------+-------------+---------+-----------+-------+
[   25.580503] cloud-init[665]: ci-info: | Route | Destination | Gateway | Interface | Flags |
[   25.617044] cloud-init[665]: ci-info: +-------+-------------+---------+-----------+-------+
[   25.654161] cloud-init[665]: ci-info: |   1   |  fe80::/64  |    ::   |   enp0s3  |   U   |
[   25.689651] cloud-init[665]: ci-info: |   3   |    local    |    ::   |   enp0s3  |   U   |
[   25.695444] cloud-init[665]: ci-info: |   4   |   ff00::/8  |    ::   |   enp0s3  |   U   |
[   25.697902] cloud-init[665]: ci-info: +-------+-------------+---------+-----------+-------+
[   27.769478] cloud-init[665]: Generating public/private rsa key pair.
[   27.780405] cloud-init[665]: Your identification has been saved in /etc/ssh/ssh_host_rsa_key.
[   27.829280] cloud-init[665]: Your public key has been saved in /etc/ssh/ssh_host_rsa_key.pub.
[   27.836943] cloud-init[665]: The key fingerprint is:
[   27.838869] cloud-init[665]: SHA256:plDuTkCrCvWX/0Pipa/VUFYmO6crNeildEQqRr1JfTg root@ubuntu-bionic
[   27.841579] cloud-init[665]: The key's randomart image is:
[   27.844725] cloud-init[665]: +---[RSA 2048]----+
[   27.846545] cloud-init[665]: |        .. .o.o  |
[   27.852689] cloud-init[665]: |       .  ooE=.  |
[[0;32m  OK  [0m] Started Initial cloud-init job (metadata service crawler).
[   27.888577] cloud-init[665]: [[0;32m  OK  [0m] Reached target System Initialization.
|    . . o..o*o.  |
[   27.935685] cloud-init[665]: |   . + . .o= +   |
[   27.938942] cloud-init[665]: |  . + . S + *    |
[   27.960273] [[0;32m  OK  [0m] Started ACPI Events Check.
cloud-init[665]: | . o + +.ooB o   |
[   28.036292] cloud-init[665]: |. . . *. == o    |
[[0;32m  OK  [0m] Listening on ACPID Listen Socket.
[   28.074017] [[0;32m  OK  [0m] Listening on Open-iSCSI iscsid Socket.
[[0;32m  OK  [0m] Reached target Paths.
[[0;32m  OK  [0m] Listening on UUID daemon activation socket.
cloud-init[665]: |..   + .o...     |
[   28.140399]          Starting LXD - unix socket.
[[0;32m  OK  [0m] Started Message of the Day.
cloud-init         Starting Socket activation for snappy daemon.
[[0;32m  OK  [0m] Started Daily apt download activities.
[[0;32m  OK  [0m] Started Discard unused blocks once a week.
[[0;32m  OK  [0m] Listening on D-Bus System Message Bus Socket.
[[0;32m  OK  [0m] Started Daily apt upgrade and clean activities.
[[0;32m  OK  [0m] Started Daily Cleanup of Temporary Directories.
[[0;32m  OK  [0m] Reached target Timers.
[[0;32m  OK  [0m] Reached target Network is Online.
[[0;32m  OK  [0m] Reached target Remote File Systems (Pre).
[[0;32m  OK  [0m] Reached target Remote File Systems.
         Starting Availability of block devices...
[665]: |.     . o+o.     |
[[0;32m  OK  [0m] Reached target Cloud-config availability.
[   28.154612] [[0;32m  OK  [0m] Listening on LXD - unix socket.
[[0;32m  OK  [0m] Listening on Socket activation for snappy daemon.
[[0;32m  OK  [0m] Started Availability of block devices.
[[0;32m  OK  [0m] Reached target Sockets.
[[0;32m  OK  [0m] Reached target Basic System.
cloud-init[665]: +----[SHA256]-----+
[[0;32m  OK  [0m] Started Deferred execution scheduler.
[   28.260522] cloud-init[665]: Generating public/private dsa key pair.
[   28.262022] cloud-init[665]: Your identification has been saved in /etc/ssh/ssh_host_dsa_key.
[   28.263648] cloud-init[665]: Your public key has been saved in /etc/ssh/ssh_host_dsa_key.pub.
         Starting System Logging Service...
[   28.306043] cloud-init[665]: The key fingerprint is:
[   28.315222] cloud-init[665]: SHA256:TqAu4djtj8vECIAtGS9p/XiLhdFt2e8C3u30xnIMiRs root@ubuntu-bionic
[   28.317423] cloud-init[665]: The key's randomart image is:
[   28.319166] cloud-init[665]: +---[DSA 1024]----+
[   28.320770] cloud-init[665]: |.                |
[   28.322152] cloud-init[665]: |.*. . . o        |
[   28.327939] cloud-init[665]: |B.oo ..+ .       |[[0;32m  OK  [0m] Started Regular background program processing daemon.
[[0;32m  OK  [0m] Started FUSE filesystem for LXC.
         Starting Dispatcher daemon for systemd-networkd...
[[0;32m  OK  [0m] Started D-Bus System Message Bus.

[   28.423925] cloud-init[665]: |oo  =...  .      |
[   28.425513] cloud-init[665]: |. .o.+ .S ...    |
[   28.427009] cloud-init[665]: | = *+ oooEoo     |
[   28.429695] cloud-init[665]: |. =.=. ..oo++    |
[   28.436962] cloud-init[665]: |   = .   .+..=   |
[   28.449237] cloud-init[665]: |    =o.    .+.   |
[   28.476107] cloud-init[665]: +----[SHA256]-----+
[   28.481823] cloud-init[665]: Generating public/private ecdsa key pair.
[   28.498125] cloud-init[665]: Your identification has been saved in /etc/ssh/ssh_host_ecdsa_key.
[   28.515191] cloud-init[665]: Your public key has been saved in /etc/ssh/ssh_host_ecdsa_key.pub.
[   28.532422] cloud-init[665]: The key fingerprint is:
[   28.534714] cloud-init[665]: SHA256:VYks1j2a8MSyf0xLDTf/bIasM0iV1awW7YWOk7+RtSI root@ubuntu-bionic
[   28.539280] cloud-init[665]: The key's randomart image is:
[   28.549382] cloud-init[665]: +---[ECDSA 256]---+
[   28.550925] cloud-init[665]: |         + o.. = |
[   28.567641] cloud-init[665]: |        = *.= * =|
[   28.577380] cloud-init[665]: |       . B.o @ *.|
[   28.578963] cloud-init[665]: |        ..+ O = +|
[   28.580545] cloud-init[665]: |        S. = * =o|
[   28.581990] cloud-init[665]: |          oE+.*.=|
[   28.583412] cloud-init[665]: |         . o...= |
[   28.584921] cloud-init[665]: |          . + .  |
[   28.588352] cloud-init[665]: |             o   |
[   28.590503] cloud-init[665]: +----[SHA256]-----+
[   28.604292] cloud-init[665]: Generating public/private ed25519 key pair.
[   28.656540] cloud-init[665]: Your identification has been saved in /etc/ssh/ssh_host_ed25519_key.
[[0;32m  OK  [0m] Started irqbalance daemon.
[   28.682406]          Starting LSB: automatic crash report generation...
         Starting Permit User Sessions...
cloud-init[665]: Your public key has been saved in /etc/ssh/ssh_host_ed25519_key.pub.         Starting Snappy daemon...

[   28.698330] cloud-init[665]:          Starting LSB: Record successful boot for GRUB...
The key fingerprint is:         Starting Login Service...
         Starting LXD - container startup/shutdown...
         Starting Virtualbox guest utils...
         Starting Accounts Service...

[   28.793850] cloud-init[665]: SHA256:wRLv9dLLRc2RQuUJ6ZKLVaOO/wZfduejdqaeQGcyxbM root@ubuntu-bionic
[   28.808318] cloud-init[665]: The key's randomart image is:
[   28.820230] cloud-init[665]: +--[ED25519 256]--+
[   28.834420] cloud-init[665]: |      .     .ooo.|
[   28.851455] cloud-init[665]: |       +    .=o+o|
[   28.882026] cloud-init[665]: |      . + . =++oo|
[   28.900820] cloud-init[665]: |       o o B.oo  |
[   28.936702] cloud-init[665]: |        S *+=E.  |
         Starting Pollinate to seed the pseudo random number generator...
[   29.019320] cloud-init[665]: |         o.*=o oo|
[   29.026580] cloud-init[665]: |          ..= o.o|[[0;32m  OK  [0m] Started System Logging Service.

[[   29.055860] [0;32m  OK  [0m] Started Permit User Sessions.
cloud-init[665]: |           ..+.+.|
         Starting Terminate Plymouth Boot Screen...
         Starting Hold until boot process finishes up...
[[   29.131567] cloud-init[665]: |            =*= .|
[0;32m  OK  [0m] Started Terminate Plymouth Boot Screen.
[   29.210639] cloud-init[665]: +----[SHA256]-----+
[[0;32m  OK  [0m] Started Hold until boot process finishes up.
         Starting Set console scheme...
[[0;32m  OK  [0m] Started Serial Getty on ttyS0.
[[0;32m  OK  [0m] Started Set console scheme.
[[0;32m  OK  [0m] Started Login Service.
[[0;32m  OK  [0m] Started Unattended Upgrades Shutdown.
[[0;32m  OK  [0m] Created slice system-getty.slice.
[[0;32m  OK  [0m] Started Getty on tty1.
[[0;32m  OK  [0m] Reached target Login Prompts.
[[0;32m  OK  [0m] Started LSB: automatic crash report generation.
         Starting Authorization Manager...
[[0;32m  OK  [0m] Started LSB: Record successful boot for GRUB.
[[0;32m  OK  [0m] Started Virtualbox guest utils.
[[0;32m  OK  [0m] Started Authorization Manager.
[[0;32m  OK  [0m] Started Accounts Service.
[[0;32m  OK  [0m] Started Dispatcher daemon for systemd-networkd.
[[0;32m  OK  [0m] Started LXD - container startup/shutdown.
[[0;32m  OK  [0m] Started Snappy daemon.
         Starting Wait until snapd is fully seeded...

Ubuntu 18.04.4 LTS ubuntu-bionic ttyS0

ubuntu-bionic login: [   39.377262] cloud-init[1325]: Cloud-init v. 19.4-33-gbb4131a2-0ubuntu1~18.04.1 running 'modules:config' at Mon, 09 Mar 2020 16:51:51 +0000. Up 36.43 seconds.
ci-info: no authorized SSH keys fingerprints found for user ubuntu.
<14>Mar  9 16:51:55 ec2: 
<14>Mar  9 16:51:55 ec2: #############################################################
<14>Mar  9 16:51:55 ec2: -----BEGIN SSH HOST KEY FINGERPRINTS-----
<14>Mar  9 16:51:55 ec2: 1024 SHA256:TqAu4djtj8vECIAtGS9p/XiLhdFt2e8C3u30xnIMiRs root@ubuntu-bionic (DSA)
<14>Mar  9 16:51:55 ec2: 256 SHA256:VYks1j2a8MSyf0xLDTf/bIasM0iV1awW7YWOk7+RtSI root@ubuntu-bionic (ECDSA)
<14>Mar  9 16:51:55 ec2: 256 SHA256:wRLv9dLLRc2RQuUJ6ZKLVaOO/wZfduejdqaeQGcyxbM root@ubuntu-bionic (ED25519)
<14>Mar  9 16:51:55 ec2: 2048 SHA256:plDuTkCrCvWX/0Pipa/VUFYmO6crNeildEQqRr1JfTg root@ubuntu-bionic (RSA)
<14>Mar  9 16:51:55 ec2: -----END SSH HOST KEY FINGERPRINTS-----
<14>Mar  9 16:51:55 ec2: #############################################################
-----BEGIN SSH HOST KEY KEYS-----
ecdsa-sha2-nistp256 AAAAE2VjZHNhLXNoYTItbmlzdHAyNTYAAAAIbmlzdHAyNTYAAABBBO+vqwXyz5G93KF7Vt42YkTwjvdlDmbz/uz3cbcXgP5XUY7bg8ixhjfXM8RdZxa/3O8WdMDSNskF5Gsbrd3sM38= root@ubuntu-bionic
ssh-ed25519 AAAAC3NzaC1lZDI1NTE5AAAAIAdC7pIgnRevXCwnOLKH64GBcvZDaORKvFVaan1yaOoT root@ubuntu-bionic
ssh-rsa AAAAB3NzaC1yc2EAAAADAQABAAABAQDJ26nNX/Evz4XJElkGAgbBf2ZrR9XRO6GhuBylIo/CYbQm3D3muMx1Temo4dwz5LCQAd2g+gmGX6m7qU6tfi1aLkMg62ZMzhconPdIo0kJZFFqQiLejIFzemQiPOQlSOrW86cDjGADG6/VjgUoW4OgBWSps5yhJzKIyUVCeJ4Jz63bEPOfXzwL6S2xy5WMspMuv6ywdbXJjhGwfwDFv97NgTaWU1NP/XZ6d5g/2ThMnVDPwR+q5/46XPfVM5Xel2L/MABsxxtj6NpepRHgQ3XnMEDBn/lZRASizNenIiCYgXhXfOxCm3cXrn7iA8A8ehHpmdDuQzgcibtiKBPir8g7 root@ubuntu-bionic
-----END SSH HOST KEY KEYS-----
[   40.466185] cloud-init[1408]: Cloud-init v. 19.4-33-gbb4131a2-0ubuntu1~18.04.1 running 'modules:final' at Mon, 09 Mar 2020 16:51:54 +0000. Up 39.91 seconds.
[   40.466340] cloud-init[1408]: ci-info: no authorized SSH keys fingerprints found for user ubuntu.
[   40.466441] cloud-init[1408]: Cloud-init v. 19.4-33-gbb4131a2-0ubuntu1~18.04.1 finished at Mon, 09 Mar 2020 16:51:55 +0000. Datasource DataSourceNoCloud [seed=/dev/sdb][dsmode=net].  Up 40.45 seconds
